<?xml version="1.0" encoding="UTF-8"?>
<!-- Generated by org.testng.reporters.JUnitReportReporter -->
<testsuite hostname="LAPTOP-U9PA5P5N" name="com.ProQuest.selenium.Test.ProQuestCodeTest" tests="2" failures="0" timestamp="5 Jan 2020 20:21:25 GMT" time="15.431" errors="0">
  <testcase name="googlesearchProquestTest" time="6.711" classname="com.ProQuest.selenium.Test.ProQuestCodeTest"/>
  <testcase name="topNavSearch" time="8.720" classname="com.ProQuest.selenium.Test.ProQuestCodeTest"/>
</testsuite> <!-- com.ProQuest.selenium.Test.ProQuestCodeTest -->
