<?xml version="1.0" encoding="UTF-8"?>
<!-- Generated by org.testng.reporters.JUnitReportReporter -->
<testsuite hostname="LAPTOP-U9PA5P5N" name="com.ProQuest.selenium.ProQuestCodeTest" tests="1" failures="0" timestamp="4 Jan 2020 22:49:01 GMT" time="24.448" errors="0">
  <testcase name="googlesearchProquestTest" time="24.448" classname="com.ProQuest.selenium.ProQuestCodeTest"/>
</testsuite> <!-- com.ProQuest.selenium.ProQuestCodeTest -->
